2020-10-13 09:33:16,326 INFO o.s.b.StartupInfoLogger [main] Starting CenteneApplicationTests on DESKTOP-CFBVHIT with PID 6784 (started by larrytphan in C:\Users\larrytphan\git\centene\code.challenge)
2020-10-13 09:33:16,331 INFO o.s.b.SpringApplication [main] No active profile set, falling back to default profiles: default
2020-10-13 09:33:17,135 INFO o.s.d.r.c.RepositoryConfigurationDelegate [main] Bootstrapping Spring Data JPA repositories in DEFAULT mode.
2020-10-13 09:33:17,199 INFO o.s.d.r.c.RepositoryConfigurationDelegate [main] Finished Spring Data repository scanning in 56ms. Found 2 JPA repository interfaces.
2020-10-13 09:33:18,243 INFO c.z.h.HikariDataSource [main] HikariPool-1 - Starting...
2020-10-13 09:33:19,308 INFO c.z.h.HikariDataSource [main] HikariPool-1 - Start completed.
2020-10-13 09:33:19,462 INFO o.h.Version [main] HHH000412: Hibernate ORM core version 5.4.21.Final
2020-10-13 09:33:19,667 INFO o.h.a.c.r.j.JavaReflectionManager [main] HCANN000001: Hibernate Commons Annotations {5.1.0.Final}
2020-10-13 09:33:19,840 INFO o.h.d.Dialect [main] HHH000400: Using dialect: org.hibernate.dialect.MySQL8Dialect
2020-10-13 09:33:20,663 INFO o.h.e.t.j.p.i.JtaPlatformInitiator [main] HHH000490: Using JtaPlatform implementation: [org.hibernate.engine.transaction.jta.platform.internal.NoJtaPlatform]
2020-10-13 09:33:20,671 INFO o.s.o.j.AbstractEntityManagerFactoryBean [main] Initialized JPA EntityManagerFactory for persistence unit 'default'
2020-10-13 09:33:20,714 INFO c.c.c.CenteneController [main] Starting EnrolleeController - Available URL Paths: 
2020-10-13 09:33:20,715 INFO c.c.c.CenteneController [main] 
Available URL Paths:
2020-10-13 09:33:20,715 INFO c.c.c.CenteneController [main] /get-all-enrollees/activation-status/{status}
2020-10-13 09:33:20,715 INFO c.c.c.CenteneController [main] /get-all-enrollees
2020-10-13 09:33:20,715 INFO c.c.c.CenteneController [main] /get-all-enrollees/enrollee-id/{enrolleeId}
2020-10-13 09:33:20,716 INFO c.c.c.CenteneController [main] /add-enrollee
2020-10-13 09:33:20,716 INFO c.c.c.CenteneController [main] /delete-enrollee
2020-10-13 09:33:20,716 INFO c.c.c.CenteneController [main] /delete-enrollee/id/{id}
2020-10-13 09:33:20,716 INFO c.c.c.CenteneController [main] /update-enrollee
2020-10-13 09:33:20,716 INFO c.c.c.CenteneController [main] /add-dependent
2020-10-13 09:33:20,717 INFO c.c.c.CenteneController [main] /add-dependents
2020-10-13 09:33:20,717 INFO c.c.c.CenteneController [main] /get-all-dependents
2020-10-13 09:33:20,717 INFO c.c.c.CenteneController [main] /get-all-dependents/enrollee-id/{enrolleeId}
2020-10-13 09:33:20,717 INFO c.c.c.CenteneController [main] /update-dependent-by-enrolleeId
2020-10-13 09:33:20,717 INFO c.c.c.CenteneController [main] /update-dependent-by-id
2020-10-13 09:33:20,718 INFO c.c.c.CenteneController [main] /delete-dependent/enrollee-id/{id}
2020-10-13 09:33:20,718 INFO c.c.c.CenteneController [main] /delete-dependent/id/{id}
2020-10-13 09:33:20,718 INFO c.c.c.CenteneController [main] /delete-dependents
2020-10-13 09:33:21,820 WARN o.s.b.a.o.j.JpaBaseConfiguration$JpaWebConfiguration [main] spring.jpa.open-in-view is enabled by default. Therefore, database queries may be performed during view rendering. Explicitly configure spring.jpa.open-in-view to disable this warning
2020-10-13 09:33:22,242 INFO o.s.s.c.ExecutorConfigurationSupport [main] Initializing ExecutorService 'applicationTaskExecutor'
2020-10-13 09:33:22,663 WARN o.s.b.a.t.ThymeleafAutoConfiguration$DefaultTemplateResolverConfiguration [main] Cannot find template location: classpath:/templates/ (please add some templates or check your Thymeleaf configuration)
2020-10-13 09:33:23,108 INFO o.s.b.StartupInfoLogger [main] Started CenteneApplicationTests in 7.089 seconds (JVM running for 9.288)
2020-10-13 09:33:23,439 INFO o.s.s.c.ExecutorConfigurationSupport [SpringContextShutdownHook] Shutting down ExecutorService 'applicationTaskExecutor'
2020-10-13 09:33:23,443 INFO o.s.o.j.AbstractEntityManagerFactoryBean [SpringContextShutdownHook] Closing JPA EntityManagerFactory for persistence unit 'default'
2020-10-13 09:33:23,448 INFO c.z.h.HikariDataSource [SpringContextShutdownHook] HikariPool-1 - Shutdown initiated...
2020-10-13 09:33:23,472 INFO c.z.h.HikariDataSource [SpringContextShutdownHook] HikariPool-1 - Shutdown completed.
